03-Apr-2020 18:47:56.737 INFO [main] org.apache.catalina.startup.VersionLoggerListener.log Server version name:   Apache Tomcat/9.0.33
03-Apr-2020 18:47:56.742 INFO [main] org.apache.catalina.startup.VersionLoggerListener.log Server built:          Mar 11 2020 09:31:38 UTC
03-Apr-2020 18:47:56.742 INFO [main] org.apache.catalina.startup.VersionLoggerListener.log Server version number: 9.0.33.0
03-Apr-2020 18:47:56.742 INFO [main] org.apache.catalina.startup.VersionLoggerListener.log OS Name:               Mac OS X
03-Apr-2020 18:47:56.746 INFO [main] org.apache.catalina.startup.VersionLoggerListener.log OS Version:            10.15.3
03-Apr-2020 18:47:56.747 INFO [main] org.apache.catalina.startup.VersionLoggerListener.log Architecture:          x86_64
03-Apr-2020 18:47:56.747 INFO [main] org.apache.catalina.startup.VersionLoggerListener.log Java Home:             /Library/Java/JavaVirtualMachines/adoptopenjdk-14.jdk/Contents/Home
03-Apr-2020 18:47:56.747 INFO [main] org.apache.catalina.startup.VersionLoggerListener.log JVM Version:           14+36
03-Apr-2020 18:47:56.747 INFO [main] org.apache.catalina.startup.VersionLoggerListener.log JVM Vendor:            AdoptOpenJDK
03-Apr-2020 18:47:56.747 INFO [main] org.apache.catalina.startup.VersionLoggerListener.log CATALINA_BASE:         /Users/camiloh/Documents/dev_camilo/me/checho/conference/apache-tomcat-9.0.33
03-Apr-2020 18:47:56.747 INFO [main] org.apache.catalina.startup.VersionLoggerListener.log CATALINA_HOME:         /Users/camiloh/Documents/dev_camilo/me/checho/conference/apache-tomcat-9.0.33
03-Apr-2020 18:47:56.777 INFO [main] org.apache.catalina.startup.VersionLoggerListener.log Command line argument: --add-opens=java.base/java.lang=ALL-UNNAMED
03-Apr-2020 18:47:56.777 INFO [main] org.apache.catalina.startup.VersionLoggerListener.log Command line argument: --add-opens=java.base/java.io=ALL-UNNAMED
03-Apr-2020 18:47:56.778 INFO [main] org.apache.catalina.startup.VersionLoggerListener.log Command line argument: --add-opens=java.rmi/sun.rmi.transport=ALL-UNNAMED
03-Apr-2020 18:47:56.778 INFO [main] org.apache.catalina.startup.VersionLoggerListener.log Command line argument: -Djava.util.logging.config.file=/Users/camiloh/Documents/dev_camilo/me/checho/conference/apache-tomcat-9.0.33/conf/logging.properties
03-Apr-2020 18:47:56.778 INFO [main] org.apache.catalina.startup.VersionLoggerListener.log Command line argument: -Djava.util.logging.manager=org.apache.juli.ClassLoaderLogManager
03-Apr-2020 18:47:56.778 INFO [main] org.apache.catalina.startup.VersionLoggerListener.log Command line argument: -Djdk.tls.ephemeralDHKeySize=2048
03-Apr-2020 18:47:56.778 INFO [main] org.apache.catalina.startup.VersionLoggerListener.log Command line argument: -Djava.protocol.handler.pkgs=org.apache.catalina.webresources
03-Apr-2020 18:47:56.778 INFO [main] org.apache.catalina.startup.VersionLoggerListener.log Command line argument: -Dorg.apache.catalina.security.SecurityListener.UMASK=0027
03-Apr-2020 18:47:56.778 INFO [main] org.apache.catalina.startup.VersionLoggerListener.log Command line argument: -agentlib:jdwp=transport=dt_socket,address=localhost:8000,server=y,suspend=n
03-Apr-2020 18:47:56.778 INFO [main] org.apache.catalina.startup.VersionLoggerListener.log Command line argument: -Dignore.endorsed.dirs=
03-Apr-2020 18:47:56.779 INFO [main] org.apache.catalina.startup.VersionLoggerListener.log Command line argument: -Dcatalina.base=/Users/camiloh/Documents/dev_camilo/me/checho/conference/apache-tomcat-9.0.33
03-Apr-2020 18:47:56.779 INFO [main] org.apache.catalina.startup.VersionLoggerListener.log Command line argument: -Dcatalina.home=/Users/camiloh/Documents/dev_camilo/me/checho/conference/apache-tomcat-9.0.33
03-Apr-2020 18:47:56.779 INFO [main] org.apache.catalina.startup.VersionLoggerListener.log Command line argument: -Djava.io.tmpdir=/Users/camiloh/Documents/dev_camilo/me/checho/conference/apache-tomcat-9.0.33/temp
03-Apr-2020 18:47:56.780 INFO [main] org.apache.catalina.core.AprLifecycleListener.lifecycleEvent The APR based Apache Tomcat Native library which allows optimal performance in production environments was not found on the java.library.path: [/Users/camiloh/Library/Java/Extensions:/Library/Java/Extensions:/Network/Library/Java/Extensions:/System/Library/Java/Extensions:/usr/lib/java:.]
03-Apr-2020 18:47:57.184 INFO [main] org.apache.coyote.AbstractProtocol.init Initializing ProtocolHandler ["http-nio-8080"]
03-Apr-2020 18:47:57.244 INFO [main] org.apache.catalina.startup.Catalina.load Server initialization in [815] milliseconds
03-Apr-2020 18:47:57.362 INFO [main] org.apache.catalina.core.StandardService.startInternal Starting service [Catalina]
03-Apr-2020 18:47:57.363 INFO [main] org.apache.catalina.core.StandardEngine.startInternal Starting Servlet engine: [Apache Tomcat/9.0.33]
03-Apr-2020 18:47:57.396 INFO [main] org.apache.catalina.startup.HostConfig.deployWAR Deploying web application archive [/Users/camiloh/Documents/dev_camilo/me/checho/conference/apache-tomcat-9.0.33/webapps/conference-0.0.1-SNAPSHOT.war]
03-Apr-2020 18:48:00.599 INFO [main] org.apache.jasper.servlet.TldScanner.scanJars At least one JAR was scanned for TLDs yet contained no TLDs. Enable debug logging for this logger for a complete list of JARs that were scanned but no TLDs were found in them. Skipping unneeded JARs during scanning can improve startup time and JSP compilation time.
03-Apr-2020 18:48:06.476 INFO [main] org.apache.catalina.startup.HostConfig.deployWAR Deployment of web application archive [/Users/camiloh/Documents/dev_camilo/me/checho/conference/apache-tomcat-9.0.33/webapps/conference-0.0.1-SNAPSHOT.war] has finished in [9,080] ms
03-Apr-2020 18:48:06.477 INFO [main] org.apache.catalina.startup.HostConfig.deployDirectory Deploying web application directory [/Users/camiloh/Documents/dev_camilo/me/checho/conference/apache-tomcat-9.0.33/webapps/conference]
03-Apr-2020 18:48:08.199 INFO [main] org.apache.jasper.servlet.TldScanner.scanJars At least one JAR was scanned for TLDs yet contained no TLDs. Enable debug logging for this logger for a complete list of JARs that were scanned but no TLDs were found in them. Skipping unneeded JARs during scanning can improve startup time and JSP compilation time.
03-Apr-2020 18:48:12.024 INFO [main] org.apache.catalina.startup.HostConfig.deployDirectory Deployment of web application directory [/Users/camiloh/Documents/dev_camilo/me/checho/conference/apache-tomcat-9.0.33/webapps/conference] has finished in [5,547] ms
03-Apr-2020 18:48:12.025 INFO [main] org.apache.catalina.startup.HostConfig.deployDirectory Deploying web application directory [/Users/camiloh/Documents/dev_camilo/me/checho/conference/apache-tomcat-9.0.33/webapps/docs]
03-Apr-2020 18:48:12.121 INFO [main] org.apache.catalina.startup.HostConfig.deployDirectory Deployment of web application directory [/Users/camiloh/Documents/dev_camilo/me/checho/conference/apache-tomcat-9.0.33/webapps/docs] has finished in [96] ms
03-Apr-2020 18:48:12.122 INFO [main] org.apache.catalina.startup.HostConfig.deployDirectory Deploying web application directory [/Users/camiloh/Documents/dev_camilo/me/checho/conference/apache-tomcat-9.0.33/webapps/manager]
03-Apr-2020 18:48:12.205 INFO [main] org.apache.catalina.startup.HostConfig.deployDirectory Deployment of web application directory [/Users/camiloh/Documents/dev_camilo/me/checho/conference/apache-tomcat-9.0.33/webapps/manager] has finished in [83] ms
03-Apr-2020 18:48:12.206 INFO [main] org.apache.catalina.startup.HostConfig.deployDirectory Deploying web application directory [/Users/camiloh/Documents/dev_camilo/me/checho/conference/apache-tomcat-9.0.33/webapps/examples]
03-Apr-2020 18:48:12.490 INFO [main] org.apache.catalina.startup.HostConfig.deployDirectory Deployment of web application directory [/Users/camiloh/Documents/dev_camilo/me/checho/conference/apache-tomcat-9.0.33/webapps/examples] has finished in [284] ms
03-Apr-2020 18:48:12.491 INFO [main] org.apache.catalina.startup.HostConfig.deployDirectory Deploying web application directory [/Users/camiloh/Documents/dev_camilo/me/checho/conference/apache-tomcat-9.0.33/webapps/ROOT]
03-Apr-2020 18:48:12.525 INFO [main] org.apache.catalina.startup.HostConfig.deployDirectory Deployment of web application directory [/Users/camiloh/Documents/dev_camilo/me/checho/conference/apache-tomcat-9.0.33/webapps/ROOT] has finished in [34] ms
03-Apr-2020 18:48:12.526 INFO [main] org.apache.catalina.startup.HostConfig.deployDirectory Deploying web application directory [/Users/camiloh/Documents/dev_camilo/me/checho/conference/apache-tomcat-9.0.33/webapps/host-manager]
03-Apr-2020 18:48:12.575 INFO [main] org.apache.catalina.startup.HostConfig.deployDirectory Deployment of web application directory [/Users/camiloh/Documents/dev_camilo/me/checho/conference/apache-tomcat-9.0.33/webapps/host-manager] has finished in [49] ms
03-Apr-2020 18:48:12.579 INFO [main] org.apache.coyote.AbstractProtocol.start Starting ProtocolHandler ["http-nio-8080"]
03-Apr-2020 18:48:12.590 INFO [main] org.apache.catalina.startup.Catalina.start Server startup in [15,345] milliseconds
03-Apr-2020 18:49:39.865 INFO [Thread-5] org.apache.coyote.AbstractProtocol.pause Pausing ProtocolHandler ["http-nio-8080"]
03-Apr-2020 18:49:39.882 INFO [Thread-5] org.apache.catalina.core.StandardService.stopInternal Stopping service [Catalina]
03-Apr-2020 18:49:40.005 INFO [Thread-5] org.apache.coyote.AbstractProtocol.stop Stopping ProtocolHandler ["http-nio-8080"]
03-Apr-2020 18:49:40.010 INFO [Thread-5] org.apache.coyote.AbstractProtocol.destroy Destroying ProtocolHandler ["http-nio-8080"]
